{"level":"info","message":"listening on port 3000","timestamp":"2023-02-06T16:56:32.099Z"}
{"level":"info","message":"listening on port 3000","timestamp":"2023-02-06T16:58:50.139Z"}
{"level":"info","message":"listening on port 3000","timestamp":"2023-02-06T16:59:17.561Z"}
{"level":"info","message":"listening on port 3000","timestamp":"2023-02-06T17:01:06.393Z"}
{"level":"info","message":"listening on port 3000","timestamp":"2023-02-06T17:02:24.496Z"}
{"level":"info","message":"listening on port 3000","timestamp":"2023-02-06T17:02:34.648Z"}
{"level":"info","message":"listening on port 3000","timestamp":"2023-02-06T17:02:35.880Z"}
{"level":"info","message":"listening on port 3000","timestamp":"2023-02-06T17:02:37.008Z"}
{"level":"info","message":"listening on port 3000","timestamp":"2023-02-06T17:02:44.174Z"}
{"level":"info","message":"listening on port 3000","timestamp":"2023-02-06T17:07:10.952Z"}
{"level":"info","message":"listening on port 3000","timestamp":"2023-02-06T17:08:06.958Z"}
{"level":"info","message":"listening on port 3000","timestamp":"2023-02-06T17:09:53.256Z"}
{"level":"info","message":"listening on port 3000","timestamp":"2023-02-06T17:10:13.255Z"}
{"level":"info","message":"listening on port 3000","timestamp":"2023-02-06T17:11:12.628Z"}
{"level":"info","message":"listening on port 3000","timestamp":"2023-02-06T17:11:27.289Z"}
{"level":"info","message":"listening on port 3000","timestamp":"2023-02-06T17:11:44.668Z"}
{"level":"info","message":"connection succesful","timestamp":"2023-02-06T17:11:44.703Z"}
{"level":"info","message":"listening on port 3000","timestamp":"2023-02-06T17:12:01.024Z"}
{"level":"info","message":"connection succesful","timestamp":"2023-02-06T17:12:01.069Z"}
{"level":"info","message":"listening on port 3000","timestamp":"2023-02-06T17:12:40.118Z"}
{"level":"info","message":"Connection to mongodb://localhost/jtank succesful","timestamp":"2023-02-06T17:12:40.199Z"}
{"level":"info","message":"listening on port 3000","timestamp":"2023-02-06T17:14:25.031Z"}
{"level":"info","message":"Connection to mongodb://localhost/jtank succesful","timestamp":"2023-02-06T17:14:25.086Z"}
{"level":"info","message":"listening on port 3000","timestamp":"2023-02-06T17:14:59.638Z"}
{"level":"info","message":"Connection to mongodb://localhost/jtank succesful","timestamp":"2023-02-06T17:14:59.682Z"}
{"level":"info","message":"listening on port 3000","timestamp":"2023-02-06T17:16:33.048Z"}
{"level":"info","message":"Connection to mongodb://localhost/jtank succesful","timestamp":"2023-02-06T17:16:33.103Z"}
{"level":"info","message":"listening on port 3000","timestamp":"2023-02-06T17:17:55.822Z"}
{"level":"info","message":"Connection to mongodb://localhost/jtank succesful","timestamp":"2023-02-06T17:17:55.851Z"}
{"level":"info","message":"listening on port 3000","timestamp":"2023-02-06T17:18:06.045Z"}
{"level":"info","message":"Connection to mongodb://localhost/jtank succesful","timestamp":"2023-02-06T17:18:06.092Z"}
{"message":"cb is not a function","stack":"TypeError: cb is not a function\n    at /home/maxwell/jtank/node_modules/winston-mongodb/lib/winston-mongodb.js:234:7\n    at processTicksAndRejections (internal/process/task_queues.js:95:5)","level":"error","timestamp":"2023-02-06T17:18:06.183Z"}
{"level":"info","message":"listening on port 3000","timestamp":"2023-02-06T17:18:15.464Z"}
{"level":"info","message":"Connection to mongodb://localhost/jtank succesful","timestamp":"2023-02-06T17:18:15.500Z"}
{"level":"info","message":"listening on port 3000","timestamp":"2023-02-06T17:19:53.871Z"}
{"level":"info","message":"Connection to mongodb://localhost/jtank succesful","timestamp":"2023-02-06T17:19:53.914Z"}
{"level":"info","message":"listening on port 3000","timestamp":"2023-02-06T17:21:00.790Z"}
{"level":"info","message":"Connection to mongodb://localhost/jtank succesful","timestamp":"2023-02-06T17:21:00.831Z"}
{"level":"info","message":"listening on port 3000","timestamp":"2023-02-06T17:21:25.499Z"}
{"level":"info","message":"Connection to mongodb://localhost/jtank succesful","timestamp":"2023-02-06T17:21:25.528Z"}
{"level":"info","message":"listening on port 3000","timestamp":"2023-02-06T17:21:46.960Z"}
{"level":"info","message":"listening on port 3000","timestamp":"2023-02-06T17:23:14.067Z"}
{"message":"winston is not defined","stack":"ReferenceError: winston is not defined\n    at /home/maxwell/jtank/startup/db.js:8:29\n    at processTicksAndRejections (internal/process/task_queues.js:95:5)","level":"error","timestamp":"2023-02-06T17:23:14.102Z"}
{"level":"info","message":"listening on port 3000","timestamp":"2023-02-06T17:35:16.771Z"}
{"message":"winston is not defined","stack":"ReferenceError: winston is not defined\n    at /home/maxwell/jtank/startup/db.js:8:29\n    at processTicksAndRejections (internal/process/task_queues.js:95:5)","level":"error","timestamp":"2023-02-06T17:35:16.819Z"}
{"level":"info","message":"listening on port 3000","timestamp":"2023-02-06T17:36:00.816Z"}
{"level":"info","message":"Connection to mongodb://localhost/jtank succesful","timestamp":"2023-02-06T17:36:00.967Z"}
{"level":"info","message":"listening on port 3000","timestamp":"2023-02-06T17:36:34.763Z"}
{"level":"info","message":"Connection to mongodb://localhost/jtank succesful","timestamp":"2023-02-06T17:36:34.806Z"}
{"level":"info","message":"listening on port 3000","timestamp":"2023-02-06T17:39:38.705Z"}
{"level":"info","message":"Connection to mongodb://localhost/jtank succesful","timestamp":"2023-02-06T17:39:38.747Z"}
{"level":"info","message":"listening on port 3000","timestamp":"2023-02-06T17:40:15.273Z"}
{"level":"info","message":"Connection to mongodb://localhost/jtank succesful","timestamp":"2023-02-06T17:40:15.324Z"}
{"level":"info","message":"listening on port 3000","timestamp":"2023-02-06T17:41:04.388Z"}
{"level":"info","message":"Connection to mongodb://localhost/jtank succesful","timestamp":"2023-02-06T17:41:04.417Z"}
{"level":"info","message":"listening on port 3000","timestamp":"2023-02-06T17:41:18.019Z"}
{"level":"info","message":"Connection to mongodb://localhost/jtank succesful","timestamp":"2023-02-06T17:41:18.060Z"}
{"level":"info","message":"listening on port 3000","timestamp":"2023-02-06T17:42:00.189Z"}
{"level":"info","message":"Connection to mongodb://localhost/jtank succesful","timestamp":"2023-02-06T17:42:00.234Z"}
{"level":"info","message":"listening on port 3000","timestamp":"2023-02-06T17:42:56.979Z"}
{"level":"info","message":"Connection to mongodb://localhost/jtank succesful","timestamp":"2023-02-06T17:42:57.023Z"}
{"level":"info","message":"listening on port 3000","timestamp":"2023-02-06T17:43:42.162Z"}
{"level":"info","message":"Connection to mongodb://localhost/jtank succesful","timestamp":"2023-02-06T17:43:42.203Z"}
{"level":"info","message":"listening on port 3000","timestamp":"2023-02-06T17:46:57.527Z"}
{"level":"info","message":"Connection to mongodb://localhost/jtank succesful","timestamp":"2023-02-06T17:46:57.576Z"}
{"level":"info","message":"listening on port 3000","timestamp":"2023-02-06T17:47:26.581Z"}
{"level":"info","message":"Connection to mongodb://localhost/jtank succesful","timestamp":"2023-02-06T17:47:26.622Z"}
{"level":"info","message":"listening on port 3000","timestamp":"2023-02-06T17:48:16.311Z"}
{"level":"info","message":"Connection to mongodb://localhost/jtank succesful","timestamp":"2023-02-06T17:48:16.356Z"}
{"level":"info","message":"listening on port 3000","timestamp":"2023-02-06T17:48:27.463Z"}
{"level":"info","message":"Connection to mongodb://localhost/jtank succesful","timestamp":"2023-02-06T17:48:27.501Z"}
{"level":"info","message":"listening on port 3000","timestamp":"2023-02-06T17:49:12.063Z"}
{"level":"info","message":"Connection to mongodb://localhost/jtank succesful","timestamp":"2023-02-06T17:49:12.109Z"}
{"level":"info","message":"listening on port 3000","timestamp":"2023-02-06T17:49:24.434Z"}
{"level":"info","message":"Connection to mongodb://localhost/jtank succesful","timestamp":"2023-02-06T17:49:24.486Z"}
{"level":"info","message":"listening on port 3000","timestamp":"2023-02-06T17:49:34.964Z"}
{"level":"info","message":"Connection to mongodb://localhost/jtank succesful","timestamp":"2023-02-06T17:49:35.018Z"}
{"level":"info","message":"listening on port 3000","timestamp":"2023-02-06T17:49:59.328Z"}
{"level":"info","message":"Connection to mongodb://localhost/jtank succesful","timestamp":"2023-02-06T17:49:59.381Z"}
{"level":"info","message":"listening on port 3000","timestamp":"2023-02-06T17:50:28.632Z"}
{"level":"info","message":"Connection to mongodb://localhost/jtank succesful","timestamp":"2023-02-06T17:50:28.682Z"}
{"level":"info","message":"listening on port 3000","timestamp":"2023-02-06T17:50:38.105Z"}
{"level":"info","message":"Connection to mongodb://localhost/jtank succesful","timestamp":"2023-02-06T17:50:38.162Z"}
{"level":"info","message":"listening on port 3000","timestamp":"2023-02-06T17:51:37.670Z"}
{"level":"info","message":"Connection to mongodb://localhost/jtank succesful","timestamp":"2023-02-06T17:51:37.709Z"}
{"level":"info","message":"listening on port 3000","timestamp":"2023-02-06T17:51:47.932Z"}
{"level":"info","message":"Connection to mongodb://localhost/jtank succesful","timestamp":"2023-02-06T17:51:47.978Z"}
{"level":"info","message":"listening on port 3000","timestamp":"2023-02-06T17:53:29.327Z"}
{"level":"info","message":"Connection to mongodb://localhost/jtank succesful","timestamp":"2023-02-06T17:53:29.367Z"}
{"level":"info","message":"listening on port 3000","timestamp":"2023-02-06T17:53:38.969Z"}
{"level":"info","message":"Connection to mongodb://localhost/jtank succesful","timestamp":"2023-02-06T17:53:39.025Z"}
{"level":"info","message":"listening on port 3000","timestamp":"2023-02-06T17:54:37.568Z"}
{"level":"info","message":"Connection to mongodb://localhost/jtank succesful","timestamp":"2023-02-06T17:54:37.620Z"}
{"level":"info","message":"listening on port 3000","timestamp":"2023-02-06T17:54:51.998Z"}
{"level":"info","message":"Connection to mongodb://localhost/jtank succesful","timestamp":"2023-02-06T17:54:52.038Z"}
{"level":"info","message":"listening on port 3000","timestamp":"2023-02-06T17:56:25.933Z"}
{"level":"info","message":"Connection to mongodb://localhost/jtank succesful","timestamp":"2023-02-06T17:56:25.970Z"}
{"level":"info","message":"listening on port 3000","timestamp":"2023-02-06T17:56:59.340Z"}
{"level":"info","message":"Connection to mongodb://localhost/jtank succesful","timestamp":"2023-02-06T17:56:59.383Z"}
{"level":"info","message":"listening on port 3000","timestamp":"2023-02-06T17:58:14.353Z"}
{"level":"info","message":"Connection to mongodb://localhost/jtank succesful","timestamp":"2023-02-06T17:58:14.408Z"}
{"level":"info","message":"listening on port 3000","timestamp":"2023-02-06T17:58:38.589Z"}
{"level":"info","message":"Connection to mongodb://localhost/jtank succesful","timestamp":"2023-02-06T17:58:38.630Z"}
